2023-03-07 14:20:58.837  INFO 4044 --- [main] c.example.Learning.LearningApplication   : Starting LearningApplication using Java 11.0.11 on LTIN298464 with PID 4044 (C:\Users\2101829\Downloads\Learning\Learning\target\classes started by 2101829 in C:\Users\2101829\Downloads\Learning\Learning)
2023-03-07 14:20:58.853  INFO 4044 --- [main] c.example.Learning.LearningApplication   : No active profile set, falling back to 1 default profile: "default"
2023-03-07 14:21:00.179  INFO 4044 --- [main] .s.d.r.c.RepositoryConfigurationDelegate : Bootstrapping Spring Data JPA repositories in DEFAULT mode.
2023-03-07 14:21:00.337  INFO 4044 --- [main] .s.d.r.c.RepositoryConfigurationDelegate : Finished Spring Data repository scanning in 138 ms. Found 3 JPA repository interfaces.
2023-03-07 14:21:01.961  INFO 4044 --- [main] o.s.b.w.embedded.tomcat.TomcatWebServer  : Tomcat initialized with port(s): 8080 (http)
2023-03-07 14:21:01.977  INFO 4044 --- [main] o.apache.catalina.core.StandardService   : Starting service [Tomcat]
2023-03-07 14:21:01.977  INFO 4044 --- [main] org.apache.catalina.core.StandardEngine  : Starting Servlet engine: [Apache Tomcat/9.0.71]
2023-03-07 14:21:02.356  INFO 4044 --- [main] o.a.c.c.C.[Tomcat].[localhost].[/]       : Initializing Spring embedded WebApplicationContext
2023-03-07 14:21:02.356  INFO 4044 --- [main] w.s.c.ServletWebServerApplicationContext : Root WebApplicationContext: initialization completed in 3360 ms
2023-03-07 14:21:02.702  INFO 4044 --- [main] o.hibernate.jpa.internal.util.LogHelper  : HHH000204: Processing PersistenceUnitInfo [name: default]
2023-03-07 14:21:02.860  INFO 4044 --- [main] org.hibernate.Version                    : HHH000412: Hibernate ORM core version 5.6.14.Final
2023-03-07 14:21:03.221  INFO 4044 --- [main] o.hibernate.annotations.common.Version   : HCANN000001: Hibernate Commons Annotations {5.1.2.Final}
2023-03-07 14:21:03.467  INFO 4044 --- [main] com.zaxxer.hikari.HikariDataSource       : HikariPool-1 - Starting...
2023-03-07 14:21:04.056  INFO 4044 --- [main] com.zaxxer.hikari.HikariDataSource       : HikariPool-1 - Start completed.
2023-03-07 14:21:04.135  INFO 4044 --- [main] org.hibernate.dialect.Dialect            : HHH000400: Using dialect: org.hibernate.dialect.MySQL8Dialect
2023-03-07 14:21:05.556  INFO 4044 --- [main] o.h.e.t.j.p.i.JtaPlatformInitiator       : HHH000490: Using JtaPlatform implementation: [org.hibernate.engine.transaction.jta.platform.internal.NoJtaPlatform]
2023-03-07 14:21:05.570  INFO 4044 --- [main] j.LocalContainerEntityManagerFactoryBean : Initialized JPA EntityManagerFactory for persistence unit 'default'
2023-03-07 14:21:06.991  WARN 4044 --- [main] JpaBaseConfiguration$JpaWebConfiguration : spring.jpa.open-in-view is enabled by default. Therefore, database queries may be performed during view rendering. Explicitly configure spring.jpa.open-in-view to disable this warning
2023-03-07 14:21:07.278  INFO 4044 --- [main] pertySourcedRequestMappingHandlerMapping : Mapped URL path [/v2/api-docs] onto method [springfox.documentation.swagger2.web.Swagger2Controller#getDocumentation(String, HttpServletRequest)]
2023-03-07 14:21:07.799  INFO 4044 --- [main] o.s.b.w.embedded.tomcat.TomcatWebServer  : Tomcat started on port(s): 8080 (http) with context path ''
2023-03-07 14:21:07.799  INFO 4044 --- [main] d.s.w.p.DocumentationPluginsBootstrapper : Context refreshed
2023-03-07 14:21:07.862  INFO 4044 --- [main] d.s.w.p.DocumentationPluginsBootstrapper : Found 1 custom documentation plugin(s)
2023-03-07 14:21:07.910  INFO 4044 --- [main] s.d.s.w.s.ApiListingReferenceScanner     : Scanning for api listing references
2023-03-07 14:21:08.273  INFO 4044 --- [main] c.example.Learning.LearningApplication   : Started LearningApplication in 10.316 seconds (JVM running for 11.554)
2023-03-07 14:24:07.186  INFO 4044 --- [http-nio-8080-exec-3] o.a.c.c.C.[Tomcat].[localhost].[/]       : Initializing Spring DispatcherServlet 'dispatcherServlet'
2023-03-07 14:24:07.186  INFO 4044 --- [http-nio-8080-exec-3] o.s.web.servlet.DispatcherServlet        : Initializing Servlet 'dispatcherServlet'
2023-03-07 14:24:07.186  INFO 4044 --- [http-nio-8080-exec-3] o.s.web.servlet.DispatcherServlet        : Completed initialization in 0 ms
2023-03-07 14:24:07.342  INFO 4044 --- [http-nio-8080-exec-3] c.e.L.controller.StudentController       : InQueryRequest = InQueryRequest(firstName=[manish])
2023-03-07 14:24:07.477  INFO 4044 --- [http-nio-8080-exec-3] c.e.L.controller.StudentController       : studentResponseList = [StudentResponse(id=46, firstName=manish, lastName=kumar, fullName=manish kumar, street=om vihar, city=new delhi, learningSubject=[SubjectResponse(id=47, subjectName=Java, marksObtained=100.0), SubjectResponse(id=48, subjectName=Spring boot, marksObtained=90.0)])]
2023-03-07 14:24:38.127  INFO 4044 --- [http-nio-8080-exec-2] c.e.L.controller.StudentController       : InQueryRequest = InQueryRequest(firstName=[manis])
2023-03-07 14:24:38.135  INFO 4044 --- [http-nio-8080-exec-2] c.e.L.controller.StudentController       : studentResponseList = []
2023-03-07 14:24:42.694  INFO 4044 --- [http-nio-8080-exec-4] c.e.L.controller.StudentController       : InQueryRequest = InQueryRequest(firstName=[manish])
2023-03-07 14:24:42.702  INFO 4044 --- [http-nio-8080-exec-4] c.e.L.controller.StudentController       : studentResponseList = [StudentResponse(id=46, firstName=manish, lastName=kumar, fullName=manish kumar, street=om vihar, city=new delhi, learningSubject=[SubjectResponse(id=47, subjectName=Java, marksObtained=100.0), SubjectResponse(id=48, subjectName=Spring boot, marksObtained=90.0)])]
2023-03-07 15:47:50.447  WARN 4044 --- [HikariPool-1 housekeeper] com.zaxxer.hikari.pool.HikariPool        : HikariPool-1 - Thread starvation or clock leap detected (housekeeper delta=9m14s735ms58µs500ns).
2023-03-07 16:49:57.750  WARN 4044 --- [HikariPool-1 housekeeper] com.zaxxer.hikari.pool.HikariPool        : HikariPool-1 - Thread starvation or clock leap detected (housekeeper delta=52m7s177ms181µs800ns).
2023-03-07 17:27:35.407  WARN 4044 --- [HikariPool-1 housekeeper] com.zaxxer.hikari.pool.HikariPool        : HikariPool-1 - Thread starvation or clock leap detected (housekeeper delta=32m7s560ms475µs500ns).
2023-03-07 18:20:09.461  WARN 4044 --- [HikariPool-1 housekeeper] com.zaxxer.hikari.pool.HikariPool        : HikariPool-1 - Thread starvation or clock leap detected (housekeeper delta=8m33s404ms980µs).
2023-03-07 19:16:02.315  WARN 4044 --- [HikariPool-1 housekeeper] com.zaxxer.hikari.pool.HikariPool        : HikariPool-1 - Thread starvation or clock leap detected (housekeeper delta=51m22s743ms238µs100ns).
2023-03-07 19:28:25.933  WARN 4044 --- [HikariPool-1 housekeeper] com.zaxxer.hikari.pool.HikariPool        : HikariPool-1 - Thread starvation or clock leap detected (housekeeper delta=2m53s479ms325µs200ns).
2023-03-07 19:38:32.669  WARN 4044 --- [HikariPool-1 housekeeper] com.zaxxer.hikari.pool.HikariPool        : HikariPool-1 - Thread starvation or clock leap detected (housekeeper delta=5m6s655ms698µs).
2023-03-07 19:50:07.523  WARN 4044 --- [HikariPool-1 housekeeper] com.zaxxer.hikari.pool.HikariPool        : HikariPool-1 - Thread starvation or clock leap detected (housekeeper delta=6m34s780ms118µs700ns).
